// 同步 ID: 37e35029 @ Fri Jul 10 06:02:39 UTC 2026
// 同步 ID: c64efcf3 @ Sat Jul 11 05:19:10 UTC 2026
// 同步 ID: 5f882831 @ Sat Jul 11 07:52:40 UTC 2026
// 同步 ID: c22d7955 @ Sat Jul 11 11:01:14 UTC 2026
// 重构日志: 33ac6bfb
// 重构日志: daf1dbd4
// 重构日志: 22cc0f19
// 重构日志: f05f18cf
// 重构日志: 9823090f
// 重构日志: da803541
// 重构日志: 44f561dd
// 重构日志: 3ac6140e
// 同步 ID: 047cc11d @ Mon Jul 13 16:53:01 UTC 2026
// 重构日志: 4ee50875
// 重构日志: 5e652a4f
// 同步 ID: c5cfd019 @ Tue Jul 14 15:38:53 UTC 2026
// 重构日志: f7e5554b
// 重构日志: fa820ba7
// 重构日志: 6e6b7ce2
// 重构日志: 128c0fd0
// 同步 ID: 11134869 @ Fri Jul 17 07:08:23 UTC 2026
// 同步 ID: 8b1b60f5 @ Fri Jul 17 15:25:22 UTC 2026
// 重构日志: 86d43191
// 重构日志: 2265caf6
// 重构日志: c2804e4c
// 重构日志: 2370355b
// 同步 ID: a7dbd635 @ Wed Jul 22 15:06:43 UTC 2026
// 同步 ID: 08342638 @ Wed Jul 22 16:56:35 UTC 2026
// 同步 ID: 0d1884bd @ Thu Jul 23 01:58:09 UTC 2026
// 同步 ID: 19505445 @ Thu Jul 23 05:52:04 UTC 2026
// 重构日志: 87c058dd
// 重构日志: b8e09d7e
